<?xml version="1.0" encoding="UTF-8"?>
<testng-results ignored="1" total="2" passed="1" failed="0" skipped="0">
  <reporter-output>
  </reporter-output>
  <suite started-at="2023-07-17T06:56:45Z" name="Default suite" finished-at="2023-07-17T06:56:48Z" duration-ms="3299">
    <groups>
    </groups>
    <test started-at="2023-07-17T06:56:45Z" name="Default test" finished-at="2023-07-17T06:56:48Z" duration-ms="3299">
      <class name="RestAPIXML.XMLTest">
        <test-method signature="test2()[pri:0, instance:RestAPIXML.XMLTest@38ba6ce3]" started-at="2023-07-17T06:56:45Z" name="test2" finished-at="2023-07-17T06:56:48Z" duration-ms="3252" status="PASS">
          <reporter-output>
          </reporter-output>
        </test-method> <!-- test2 -->
      </class> <!-- RestAPIXML.XMLTest -->
    </test> <!-- Default test -->
  </suite> <!-- Default suite -->
</testng-results>
